[6;30;42m[1.1/1][0m
array([126, 116.679000000000, 107.712000000000, 99.0930000000001,
       90.8160000000001, 82.8750000000001, 75.2640000000002,
       67.9770000000002, 61.0080000000002, 54.3510000000002, 48,
       41.9490000000002, 36.1920000000002, 30.7230000000002,
       25.5360000000003, 20.6250000000003, 15.9840000000003,
       11.6070000000003, 7.48800000000026, 3.62100000000025, 0,
       -3.38099999999975, -6.52799999999977, -9.44699999999977,
       -12.1439999999998, -14.6249999999998, -16.8959999999998,
       -18.9629999999998, -20.8319999999998, -22.5089999999998, -24,
       -25.3109999999999, -26.4479999999999, -27.4169999999999,
       -28.2239999999999, -28.8749999999999, -29.3759999999999,
       -29.7330000000000, -29.9520000000000, -30.0390000000000, -30,
       -29.8410000000000, -29.5680000000000, -29.1870000000001,
       -28.7040000000001, -28.1250000000001, -27.4560000000001,
       -26.7030000000001, -25.8720000000001, -24.9690000000002,
       -24.0000000000002, -22.9710000000002, -21.8880000000002,
       -20.7570000000002, -19.5840000000002, -18.3750000000002,
       -17.1360000000002, -15.8730000000003, -14.5920000000003,
       -13.2990000000003, -12, -10.7010000000003, -9.40800000000029,
       -8.12700000000029, -6.86400000000028, -5.62500000000028,
       -4.41600000000028, -3.24300000000028, -2.11200000000027,
       -1.02900000000026, 0, 0.968999999999763, 1.87199999999978,
       2.70299999999980, 3.45599999999981, 4.12499999999983,
       4.70399999999985, 5.18699999999988, 5.56799999999991,
       5.84099999999994, 6, 6.03900000000001, 5.95200000000004,
       5.73300000000009, 5.37600000000013, 4.87500000000017,
       4.22400000000022, 3.41700000000028, 2.44800000000033,
       1.31100000000038, 0, -1.49099999999949, -3.16799999999942,
       -5.03699999999935, -7.10399999999928, -9.37499999999920,
       -11.8559999999991, -14.5529999999990, -17.4719999999989,
       -20.6189999999989], dtype=object)
[4, 2, -3]
plot_idx=1
[6;30;42m[1.1/2][0m
solved
[6;30;42m[1.1/3][0m
[(-1/2 + (-sqrt(-928/(9*(1072/27 + 16*sqrt(4873)/3)**(1/3)) + 8/3 + 2*(1072/27 + 16*sqrt(4873)/3)**(1/3))/2 + sqrt(-2*(1072/27 + 16*sqrt(4873)/3)**(1/3) + 16/3 + 928/(9*(1072/27 + 16*sqrt(4873)/3)**(1/3)) + 96/sqrt(-928/(9*(1072/27 + 16*sqrt(4873)/3)**(1/3)) + 8/3 + 2*(1072/27 + 16*sqrt(4873)/3)**(1/3)))/2)**2/4,
  -sqrt(-928/(9*(1072/27 + 16*sqrt(4873)/3)**(1/3)) + 8/3 + 2*(1072/27 + 16*sqrt(4873)/3)**(1/3))/2 + sqrt(-2*(1072/27 + 16*sqrt(4873)/3)**(1/3) + 16/3 + 928/(9*(1072/27 + 16*sqrt(4873)/3)**(1/3)) + 96/sqrt(-928/(9*(1072/27 + 16*sqrt(4873)/3)**(1/3)) + 8/3 + 2*(1072/27 + 16*sqrt(4873)/3)**(1/3)))/2),
 (-1/2 + (sqrt(-928/(9*(1072/27 + 16*sqrt(4873)/3)**(1/3)) + 8/3 + 2*(1072/27 + 16*sqrt(4873)/3)**(1/3))/2 - sqrt(-96/sqrt(-928/(9*(1072/27 + 16*sqrt(4873)/3)**(1/3)) + 8/3 + 2*(1072/27 + 16*sqrt(4873)/3)**(1/3)) - 2*(1072/27 + 16*sqrt(4873)/3)**(1/3) + 16/3 + 928/(9*(1072/27 + 16*sqrt(4873)/3)**(1/3)))/2)**2/4,
  sqrt(-928/(9*(1072/27 + 16*sqrt(4873)/3)**(1/3)) + 8/3 + 2*(1072/27 + 16*sqrt(4873)/3)**(1/3))/2 - sqrt(-96/sqrt(-928/(9*(1072/27 + 16*sqrt(4873)/3)**(1/3)) + 8/3 + 2*(1072/27 + 16*sqrt(4873)/3)**(1/3)) - 2*(1072/27 + 16*sqrt(4873)/3)**(1/3) + 16/3 + 928/(9*(1072/27 + 16*sqrt(4873)/3)**(1/3)))/2),
 (-1/2 + (sqrt(-928/(9*(1072/27 + 16*sqrt(4873)/3)**(1/3)) + 8/3 + 2*(1072/27 + 16*sqrt(4873)/3)**(1/3))/2 + sqrt(-96/sqrt(-928/(9*(1072/27 + 16*sqrt(4873)/3)**(1/3)) + 8/3 + 2*(1072/27 + 16*sqrt(4873)/3)**(1/3)) - 2*(1072/27 + 16*sqrt(4873)/3)**(1/3) + 16/3 + 928/(9*(1072/27 + 16*sqrt(4873)/3)**(1/3)))/2)**2/4,
  sqrt(-928/(9*(1072/27 + 16*sqrt(4873)/3)**(1/3)) + 8/3 + 2*(1072/27 + 16*sqrt(4873)/3)**(1/3))/2 + sqrt(-96/sqrt(-928/(9*(1072/27 + 16*sqrt(4873)/3)**(1/3)) + 8/3 + 2*(1072/27 + 16*sqrt(4873)/3)**(1/3)) - 2*(1072/27 + 16*sqrt(4873)/3)**(1/3) + 16/3 + 928/(9*(1072/27 + 16*sqrt(4873)/3)**(1/3)))/2),
 (-1/2 + (-sqrt(-2*(1072/27 + 16*sqrt(4873)/3)**(1/3) + 16/3 + 928/(9*(1072/27 + 16*sqrt(4873)/3)**(1/3)) + 96/sqrt(-928/(9*(1072/27 + 16*sqrt(4873)/3)**(1/3)) + 8/3 + 2*(1072/27 + 16*sqrt(4873)/3)**(1/3)))/2 - sqrt(-928/(9*(1072/27 + 16*sqrt(4873)/3)**(1/3)) + 8/3 + 2*(1072/27 + 16*sqrt(4873)/3)**(1/3))/2)**2/4,
  -sqrt(-2*(1072/27 + 16*sqrt(4873)/3)**(1/3) + 16/3 + 928/(9*(1072/27 + 16*sqrt(4873)/3)**(1/3)) + 96/sqrt(-928/(9*(1072/27 + 16*sqrt(4873)/3)**(1/3)) + 8/3 + 2*(1072/27 + 16*sqrt(4873)/3)**(1/3)))/2 - sqrt(-928/(9*(1072/27 + 16*sqrt(4873)/3)**(1/3)) + 8/3 + 2*(1072/27 + 16*sqrt(4873)/3)**(1/3))/2)]
len(r)=4
[6;30;42m[1.1/4][0m
x, y = [1.35338582359163, 2.72278227083374]
x, y = [-3.12273673247333 - 1.62282840726831*I, 0.960695779699584 - 3.37844391858529*I]
x, y = [-3.12273673247333 + 1.62282840726831*I, 0.960695779699584 + 3.37844391858529*I]
x, y = [4.89208764135504, -4.64417383023290]
[6;30;42m[1.1/5][0m
-2*sin(x**2)*sin(log(x)/log(2)) - sin(log(x)/log(2))*cos(x**2)/x**2 + cos(x**2)*cos(log(x)/log(2))/(x**2*log(2))
[6;30;42m[1.2/1][0m
[[1 3 1 2]
 [1 2 5 8]
 [3 1 2 9]
 [5 4 2 1]]
[6;30;42m[1.2/2][0m
[[1 2 5]
 [3 1 2]]
[6;30;42m[1.2/3][0m
[[2 3 1]
 [5 1 3]]
[[2 5]
 [3 1]
 [1 3]]
[6;30;42m[1.2/4][0m
[[13 22]
 [11 22]]
[6;30;42m[1.2/5][0m
plot_idx=2
plot_idx=3
plot_idx=4
